[22:03:38] [main/WARN]: Ambiguity between arguments [teleport, destination] and [teleport, targets] with inputs: [Player, 0123, @e, dd12be42-52a9-4a91-a8a1-11c01849e498]
[22:03:38] [main/WARN]: Ambiguity between arguments [teleport, location] and [teleport, destination] with inputs: [0.1 -0.5 .9, 0 0 0]
[22:03:38] [main/WARN]: Ambiguity between arguments [teleport, location] and [teleport, targets] with inputs: [0.1 -0.5 .9, 0 0 0]
[22:03:38] [main/WARN]: Ambiguity between arguments [teleport, targets] and [teleport, destination] with inputs: [Player, 0123, dd12be42-52a9-4a91-a8a1-11c01849e498]
[22:03:38] [main/WARN]: Ambiguity between arguments [teleport, targets, location] and [teleport, targets, destination] with inputs: [0.1 -0.5 .9, 0 0 0]
[22:03:38] [Server thread/INFO]: Starting minecraft server version 1.14.4
[22:03:38] [Server thread/INFO]: Loading properties
[22:03:38] [Server thread/INFO]: Default game type: SURVIVAL
[22:03:38] [Server thread/INFO]: Generating keypair
[22:03:38] [Server thread/INFO]: Starting Minecraft server on *:25565
[22:03:38] [Server thread/INFO]: Using epoll channel type
[22:03:39] [Server thread/INFO]: Preparing level "world"
[22:03:39] [Server thread/INFO]: Found new data pack vanilla, loading it automatically
[22:03:39] [Server thread/INFO]: Reloading ResourceManager: Default
[22:03:39] [Server thread/INFO]: Loaded 6 recipes
[22:03:39] [Server thread/INFO]: Loaded 811 advancements
[22:03:43] [Server thread/INFO]: Preparing start region for dimension minecraft:overworld
[22:03:43] [Server-Worker-2/INFO]: Preparing spawn area: 0%
[22:03:43] [Server-Worker-1/INFO]: Preparing spawn area: 1%
[22:03:44] [Server-Worker-1/INFO]: Preparing spawn area: 5%
[22:03:44] [Server-Worker-6/INFO]: Preparing spawn area: 13%
[22:03:45] [Server-Worker-4/INFO]: Preparing spawn area: 19%
[22:03:45] [Server-Worker-7/INFO]: Preparing spawn area: 26%
[22:03:46] [Server-Worker-5/INFO]: Preparing spawn area: 33%
[22:03:46] [Server-Worker-6/INFO]: Preparing spawn area: 38%
[22:03:47] [Server-Worker-5/INFO]: Preparing spawn area: 45%
[22:03:47] [Server-Worker-2/INFO]: Preparing spawn area: 52%
[22:03:48] [Server-Worker-5/INFO]: Preparing spawn area: 58%
[22:03:49] [Server-Worker-4/INFO]: Preparing spawn area: 66%
[22:03:49] [Server-Worker-5/INFO]: Preparing spawn area: 73%
[22:03:49] [Server-Worker-7/INFO]: Preparing spawn area: 80%
[22:03:50] [Server-Worker-3/INFO]: Preparing spawn area: 87%
[22:03:50] [Server-Worker-7/INFO]: Preparing spawn area: 95%
[22:03:51] [Server thread/INFO]: Time elapsed: 7708 ms
[22:03:51] [Server thread/INFO]: Done (12.019s)! For help, type "help"
[22:03:53] [Server thread/INFO]: Stopping the server
[22:03:53] [Server thread/INFO]: Stopping server
[22:03:53] [Server thread/INFO]: Saving players
[22:03:53] [Server thread/INFO]: Saving worlds
[22:03:53] [Server thread/INFO]: Saving chunks for level 'world'/minecraft:the_end
[22:03:53] [Server thread/INFO]: ThreadedAnvilChunkStorage (DIM1): All chunks are saved
[22:03:53] [Server thread/INFO]: Saving chunks for level 'world'/minecraft:the_nether
[22:03:53] [Server thread/INFO]: ThreadedAnvilChunkStorage (DIM-1): All chunks are saved
[22:03:53] [Server thread/INFO]: Saving chunks for level 'world'/minecraft:overworld
[22:03:54] [Server thread/INFO]: ThreadedAnvilChunkStorage (world): All chunks are saved
[22:03:54] [Server thread/INFO]: ThreadedAnvilChunkStorage (DIM1): All chunks are saved
[22:03:54] [Server thread/INFO]: ThreadedAnvilChunkStorage (DIM-1): All chunks are saved
[22:03:54] [Server thread/INFO]: ThreadedAnvilChunkStorage (world): All chunks are saved
